<?xml version="1.0" encoding="UTF-8"?>
<!-- Generated by org.testng.reporters.JUnitXMLReporter -->
<testsuite ignored="0" hostname="LAPTOP-OO36VSPJ" failures="1" tests="2" name="Test" time="34.813" errors="0" timestamp="11 Dec 2020 05:18:44 GMT">
  <testcase classname="TestNGScripts.DemoPageTest" name="searchDesktop" time="12.657">
    <failure type="java.lang.AssertionError" message="expected [Search - Deskto] but found [Search - Desktop]">
      <![CDATA[java.lang.AssertionError: expected [Search - Deskto] but found [Search - Desktop]
at TestNGScripts.DemoPageTest.searchDesktop(DemoPageTest.java:62)
... Removed 31 stack frames]]>
    </failure>
  </testcase> <!-- searchDesktop -->
  <testcase classname="TestNGScripts.DemoPageTest" name="searchPhone" time="8.632"/>
</testsuite> <!-- Test -->
